[2022-07-22 12:00:03,758] {taskinstance.py:896} INFO - Dependencies all met for <TaskInstance: python_square_operator.square 2022-07-21T12:00:00+00:00 [queued]>
[2022-07-22 12:00:03,870] {taskinstance.py:896} INFO - Dependencies all met for <TaskInstance: python_square_operator.square 2022-07-21T12:00:00+00:00 [queued]>
[2022-07-22 12:00:03,879] {taskinstance.py:1087} INFO - 
--------------------------------------------------------------------------------
[2022-07-22 12:00:03,887] {taskinstance.py:1088} INFO - Starting attempt 1 of 1
[2022-07-22 12:00:03,892] {taskinstance.py:1089} INFO - 
--------------------------------------------------------------------------------
[2022-07-22 12:00:04,033] {taskinstance.py:1107} INFO - Executing <Task(PythonOperator): square> on 2022-07-21T12:00:00+00:00
[2022-07-22 12:00:04,053] {standard_task_runner.py:52} INFO - Started process 23324 to run task
[2022-07-22 12:00:04,080] {standard_task_runner.py:76} INFO - Running: ['***', 'tasks', 'run', 'python_square_operator', 'square', '2022-07-21T12:00:00+00:00', '--job-id', '7', '--pool', 'default_pool', '--raw', '--subdir', 'DAGS_FOLDER/SampleDAG.py', '--cfg-path', '/tmp/tmpatqmwff3', '--error-file', '/tmp/tmpt2v_6iqo']
[2022-07-22 12:00:04,090] {standard_task_runner.py:77} INFO - Job 7: Subtask square
[2022-07-22 12:00:04,391] {logging_mixin.py:104} INFO - Running <TaskInstance: python_square_operator.square 2022-07-21T12:00:00+00:00 [running]> on host 9a67223ec0e9
[2022-07-22 12:00:04,633] {taskinstance.py:1302} INFO - Exporting the following env vars:
AIRFLOW_CTX_DAG_OWNER=***
AIRFLOW_CTX_DAG_ID=python_square_operator
AIRFLOW_CTX_TASK_ID=square
AIRFLOW_CTX_EXECUTION_DATE=2022-07-21T12:00:00+00:00
AIRFLOW_CTX_DAG_RUN_ID=scheduled__2022-07-21T12:00:00+00:00
[2022-07-22 12:00:04,641] {python.py:151} INFO - Done. Returned value was: 169
[2022-07-22 12:00:04,734] {taskinstance.py:1211} INFO - Marking task as SUCCESS. dag_id=python_square_operator, task_id=square, execution_date=20220721T120000, start_date=20220722T120003, end_date=20220722T120004
[2022-07-22 12:00:04,858] {taskinstance.py:1265} INFO - 0 downstream tasks scheduled from follow-on schedule check
[2022-07-22 12:00:04,901] {local_task_job.py:151} INFO - Task exited with return code 0
