[2022-06-05 12:00:01,245] {taskinstance.py:896} INFO - Dependencies all met for <TaskInstance: hello_world.hello_task 2022-06-04T12:00:00+00:00 [queued]>
[2022-06-05 12:00:01,288] {taskinstance.py:896} INFO - Dependencies all met for <TaskInstance: hello_world.hello_task 2022-06-04T12:00:00+00:00 [queued]>
[2022-06-05 12:00:01,289] {taskinstance.py:1087} INFO - 
--------------------------------------------------------------------------------
[2022-06-05 12:00:01,291] {taskinstance.py:1088} INFO - Starting attempt 1 of 1
[2022-06-05 12:00:01,292] {taskinstance.py:1089} INFO - 
--------------------------------------------------------------------------------
[2022-06-05 12:00:01,316] {taskinstance.py:1107} INFO - Executing <Task(PythonOperator): hello_task> on 2022-06-04T12:00:00+00:00
[2022-06-05 12:00:01,323] {standard_task_runner.py:52} INFO - Started process 88473 to run task
[2022-06-05 12:00:01,331] {standard_task_runner.py:76} INFO - Running: ['***', 'tasks', 'run', 'hello_world', 'hello_task', '2022-06-04T12:00:00+00:00', '--job-id', '7', '--pool', 'default_pool', '--raw', '--subdir', 'DAGS_FOLDER/SampleDAG (1).py', '--cfg-path', '/tmp/tmpmyjwhv7b', '--error-file', '/tmp/tmpk4_zgywa']
[2022-06-05 12:00:01,334] {standard_task_runner.py:77} INFO - Job 7: Subtask hello_task
[2022-06-05 12:00:01,431] {logging_mixin.py:104} INFO - Running <TaskInstance: hello_world.hello_task 2022-06-04T12:00:00+00:00 [running]> on host 9419a1b6ef3d
[2022-06-05 12:00:01,541] {taskinstance.py:1302} INFO - Exporting the following env vars:
AIRFLOW_CTX_DAG_OWNER=***
AIRFLOW_CTX_DAG_ID=hello_world
AIRFLOW_CTX_TASK_ID=hello_task
AIRFLOW_CTX_EXECUTION_DATE=2022-06-04T12:00:00+00:00
AIRFLOW_CTX_DAG_RUN_ID=scheduled__2022-06-04T12:00:00+00:00
[2022-06-05 12:00:01,544] {python.py:151} INFO - Done. Returned value was: Hello world from first Airflow DAG!
[2022-06-05 12:00:01,591] {taskinstance.py:1211} INFO - Marking task as SUCCESS. dag_id=hello_world, task_id=hello_task, execution_date=20220604T120000, start_date=20220605T120001, end_date=20220605T120001
[2022-06-05 12:00:01,671] {taskinstance.py:1265} INFO - 0 downstream tasks scheduled from follow-on schedule check
[2022-06-05 12:00:01,711] {local_task_job.py:151} INFO - Task exited with return code 0
