[2022-07-21 21:54:29,602] {taskinstance.py:896} INFO - Dependencies all met for <TaskInstance: python_square_operator.square 2022-07-20T12:00:00+00:00 [queued]>
[2022-07-21 21:54:29,655] {taskinstance.py:896} INFO - Dependencies all met for <TaskInstance: python_square_operator.square 2022-07-20T12:00:00+00:00 [queued]>
[2022-07-21 21:54:29,657] {taskinstance.py:1087} INFO - 
--------------------------------------------------------------------------------
[2022-07-21 21:54:29,659] {taskinstance.py:1088} INFO - Starting attempt 1 of 1
[2022-07-21 21:54:29,661] {taskinstance.py:1089} INFO - 
--------------------------------------------------------------------------------
[2022-07-21 21:54:29,706] {taskinstance.py:1107} INFO - Executing <Task(PythonOperator): square> on 2022-07-20T12:00:00+00:00
[2022-07-21 21:54:29,717] {standard_task_runner.py:52} INFO - Started process 6064 to run task
[2022-07-21 21:54:29,745] {standard_task_runner.py:76} INFO - Running: ['***', 'tasks', 'run', 'python_square_operator', 'square', '2022-07-20T12:00:00+00:00', '--job-id', '5', '--pool', 'default_pool', '--raw', '--subdir', 'DAGS_FOLDER/SampleDAG.py', '--cfg-path', '/tmp/tmp4vipq1z0', '--error-file', '/tmp/tmp5ncdqjd2']
[2022-07-21 21:54:29,749] {standard_task_runner.py:77} INFO - Job 5: Subtask square
[2022-07-21 21:54:29,886] {logging_mixin.py:104} INFO - Running <TaskInstance: python_square_operator.square 2022-07-20T12:00:00+00:00 [running]> on host 9a67223ec0e9
[2022-07-21 21:54:30,161] {taskinstance.py:1302} INFO - Exporting the following env vars:
AIRFLOW_CTX_DAG_OWNER=***
AIRFLOW_CTX_DAG_ID=python_square_operator
AIRFLOW_CTX_TASK_ID=square
AIRFLOW_CTX_EXECUTION_DATE=2022-07-20T12:00:00+00:00
AIRFLOW_CTX_DAG_RUN_ID=scheduled__2022-07-20T12:00:00+00:00
[2022-07-21 21:54:30,170] {python.py:151} INFO - Done. Returned value was: 169
[2022-07-21 21:54:30,242] {taskinstance.py:1211} INFO - Marking task as SUCCESS. dag_id=python_square_operator, task_id=square, execution_date=20220720T120000, start_date=20220721T215429, end_date=20220721T215430
[2022-07-21 21:54:30,323] {taskinstance.py:1265} INFO - 0 downstream tasks scheduled from follow-on schedule check
[2022-07-21 21:54:30,374] {local_task_job.py:151} INFO - Task exited with return code 0
