[2022-07-21 22:00:03,546] {taskinstance.py:896} INFO - Dependencies all met for <TaskInstance: python_square_operator.square 2022-07-20T12:00:00+00:00 [queued]>
[2022-07-21 22:00:03,617] {taskinstance.py:896} INFO - Dependencies all met for <TaskInstance: python_square_operator.square 2022-07-20T12:00:00+00:00 [queued]>
[2022-07-21 22:00:03,620] {taskinstance.py:1087} INFO - 
--------------------------------------------------------------------------------
[2022-07-21 22:00:03,623] {taskinstance.py:1088} INFO - Starting attempt 2 of 2
[2022-07-21 22:00:03,626] {taskinstance.py:1089} INFO - 
--------------------------------------------------------------------------------
[2022-07-21 22:00:03,694] {taskinstance.py:1107} INFO - Executing <Task(PythonOperator): square> on 2022-07-20T12:00:00+00:00
[2022-07-21 22:00:03,727] {standard_task_runner.py:76} INFO - Running: ['***', 'tasks', 'run', 'python_square_operator', 'square', '2022-07-20T12:00:00+00:00', '--job-id', '6', '--pool', 'default_pool', '--raw', '--subdir', 'DAGS_FOLDER/SampleDAG.py', '--cfg-path', '/tmp/tmpldpsxgks', '--error-file', '/tmp/tmpgn926pwu']
[2022-07-21 22:00:03,734] {standard_task_runner.py:77} INFO - Job 6: Subtask square
[2022-07-21 22:00:03,707] {standard_task_runner.py:52} INFO - Started process 6508 to run task
[2022-07-21 22:00:03,967] {logging_mixin.py:104} INFO - Running <TaskInstance: python_square_operator.square 2022-07-20T12:00:00+00:00 [running]> on host 9a67223ec0e9
[2022-07-21 22:00:04,176] {taskinstance.py:1302} INFO - Exporting the following env vars:
AIRFLOW_CTX_DAG_OWNER=***
AIRFLOW_CTX_DAG_ID=python_square_operator
AIRFLOW_CTX_TASK_ID=square
AIRFLOW_CTX_EXECUTION_DATE=2022-07-20T12:00:00+00:00
AIRFLOW_CTX_DAG_RUN_ID=scheduled__2022-07-20T12:00:00+00:00
[2022-07-21 22:00:04,184] {python.py:151} INFO - Done. Returned value was: 169
[2022-07-21 22:00:04,273] {taskinstance.py:1211} INFO - Marking task as SUCCESS. dag_id=python_square_operator, task_id=square, execution_date=20220720T120000, start_date=20220721T220003, end_date=20220721T220004
[2022-07-21 22:00:04,381] {taskinstance.py:1265} INFO - 0 downstream tasks scheduled from follow-on schedule check
[2022-07-21 22:00:04,443] {local_task_job.py:151} INFO - Task exited with return code 0
