[2022-06-04 16:13:29,908] {scheduler_job.py:182} INFO - Started process (PID=1781) to work on /opt/airflow/dags/SampleDAG.zip
[2022-06-04 16:13:29,912] {scheduler_job.py:633} INFO - Processing file /opt/airflow/dags/SampleDAG.zip for tasks to queue
[2022-06-04 16:13:29,916] {logging_mixin.py:104} INFO - [2022-06-04 16:13:29,915] {dagbag.py:496} INFO - Filling up the DagBag from /opt/airflow/dags/SampleDAG.zip
[2022-06-04 16:13:30,056] {scheduler_job.py:643} INFO - DAG(s) dict_keys(['hello_world']) retrieved from /opt/airflow/dags/SampleDAG.zip
[2022-06-04 16:13:53,433] {logging_mixin.py:104} INFO - [2022-06-04 16:13:53,433] {dag.py:1833} INFO - Sync 1 DAGs
[2022-06-04 16:13:53,479] {logging_mixin.py:104} INFO - [2022-06-04 16:13:53,474] {dag.py:1852} INFO - Creating ORM DAG for hello_world
[2022-06-04 16:13:53,531] {logging_mixin.py:104} INFO - [2022-06-04 16:13:53,531] {dag.py:2306} INFO - Setting next_dagrun for hello_world to 2022-06-03 12:00:00+00:00
[2022-06-04 16:13:53,567] {scheduler_job.py:190} INFO - Processing /opt/airflow/dags/SampleDAG.zip took 23.667 seconds
[2022-06-04 16:14:23,819] {scheduler_job.py:182} INFO - Started process (PID=1839) to work on /opt/airflow/dags/SampleDAG.zip
[2022-06-04 16:14:23,824] {scheduler_job.py:633} INFO - Processing file /opt/airflow/dags/SampleDAG.zip for tasks to queue
[2022-06-04 16:14:23,827] {logging_mixin.py:104} INFO - [2022-06-04 16:14:23,826] {dagbag.py:496} INFO - Filling up the DagBag from /opt/airflow/dags/SampleDAG.zip
[2022-06-04 16:14:23,894] {scheduler_job.py:643} INFO - DAG(s) dict_keys(['hello_world']) retrieved from /opt/airflow/dags/SampleDAG.zip
[2022-06-04 16:14:23,940] {logging_mixin.py:104} INFO - [2022-06-04 16:14:23,939] {dag.py:1833} INFO - Sync 1 DAGs
[2022-06-04 16:14:24,004] {logging_mixin.py:104} INFO - [2022-06-04 16:14:24,004] {dag.py:2306} INFO - Setting next_dagrun for hello_world to 2022-06-03 12:00:00+00:00
[2022-06-04 16:14:24,024] {scheduler_job.py:190} INFO - Processing /opt/airflow/dags/SampleDAG.zip took 0.212 seconds
[2022-06-04 16:14:54,132] {scheduler_job.py:182} INFO - Started process (PID=1881) to work on /opt/airflow/dags/SampleDAG.zip
[2022-06-04 16:14:54,137] {scheduler_job.py:633} INFO - Processing file /opt/airflow/dags/SampleDAG.zip for tasks to queue
[2022-06-04 16:14:54,140] {logging_mixin.py:104} INFO - [2022-06-04 16:14:54,140] {dagbag.py:496} INFO - Filling up the DagBag from /opt/airflow/dags/SampleDAG.zip
[2022-06-04 16:14:54,217] {scheduler_job.py:643} INFO - DAG(s) dict_keys(['hello_world']) retrieved from /opt/airflow/dags/SampleDAG.zip
[2022-06-04 16:14:54,270] {logging_mixin.py:104} INFO - [2022-06-04 16:14:54,270] {dag.py:1833} INFO - Sync 1 DAGs
[2022-06-04 16:14:54,352] {logging_mixin.py:104} INFO - [2022-06-04 16:14:54,351] {dag.py:2306} INFO - Setting next_dagrun for hello_world to 2022-06-03 12:00:00+00:00
[2022-06-04 16:14:54,377] {scheduler_job.py:190} INFO - Processing /opt/airflow/dags/SampleDAG.zip took 0.252 seconds
[2022-06-04 16:15:24,491] {scheduler_job.py:182} INFO - Started process (PID=1903) to work on /opt/airflow/dags/SampleDAG.zip
[2022-06-04 16:15:24,496] {scheduler_job.py:633} INFO - Processing file /opt/airflow/dags/SampleDAG.zip for tasks to queue
[2022-06-04 16:15:24,499] {logging_mixin.py:104} INFO - [2022-06-04 16:15:24,498] {dagbag.py:496} INFO - Filling up the DagBag from /opt/airflow/dags/SampleDAG.zip
[2022-06-04 16:15:24,574] {scheduler_job.py:643} INFO - DAG(s) dict_keys(['hello_world']) retrieved from /opt/airflow/dags/SampleDAG.zip
[2022-06-04 16:15:24,624] {logging_mixin.py:104} INFO - [2022-06-04 16:15:24,623] {dag.py:1833} INFO - Sync 1 DAGs
[2022-06-04 16:15:24,696] {logging_mixin.py:104} INFO - [2022-06-04 16:15:24,696] {dag.py:2306} INFO - Setting next_dagrun for hello_world to 2022-06-03 12:00:00+00:00
[2022-06-04 16:15:24,722] {scheduler_job.py:190} INFO - Processing /opt/airflow/dags/SampleDAG.zip took 0.237 seconds
[2022-06-04 16:15:54,814] {scheduler_job.py:182} INFO - Started process (PID=1945) to work on /opt/airflow/dags/SampleDAG.zip
[2022-06-04 16:15:54,818] {scheduler_job.py:633} INFO - Processing file /opt/airflow/dags/SampleDAG.zip for tasks to queue
[2022-06-04 16:15:54,822] {logging_mixin.py:104} INFO - [2022-06-04 16:15:54,822] {dagbag.py:496} INFO - Filling up the DagBag from /opt/airflow/dags/SampleDAG.zip
[2022-06-04 16:15:54,895] {scheduler_job.py:643} INFO - DAG(s) dict_keys(['hello_world']) retrieved from /opt/airflow/dags/SampleDAG.zip
[2022-06-04 16:15:54,949] {logging_mixin.py:104} INFO - [2022-06-04 16:15:54,949] {dag.py:1833} INFO - Sync 1 DAGs
[2022-06-04 16:15:55,024] {logging_mixin.py:104} INFO - [2022-06-04 16:15:55,023] {dag.py:2306} INFO - Setting next_dagrun for hello_world to 2022-06-03 12:00:00+00:00
[2022-06-04 16:15:55,049] {scheduler_job.py:190} INFO - Processing /opt/airflow/dags/SampleDAG.zip took 0.242 seconds
[2022-06-04 16:16:25,130] {scheduler_job.py:182} INFO - Started process (PID=1984) to work on /opt/airflow/dags/SampleDAG.zip
[2022-06-04 16:16:25,135] {scheduler_job.py:633} INFO - Processing file /opt/airflow/dags/SampleDAG.zip for tasks to queue
[2022-06-04 16:16:25,139] {logging_mixin.py:104} INFO - [2022-06-04 16:16:25,138] {dagbag.py:496} INFO - Filling up the DagBag from /opt/airflow/dags/SampleDAG.zip
[2022-06-04 16:16:25,214] {scheduler_job.py:643} INFO - DAG(s) dict_keys(['hello_world']) retrieved from /opt/airflow/dags/SampleDAG.zip
[2022-06-04 16:16:25,270] {logging_mixin.py:104} INFO - [2022-06-04 16:16:25,270] {dag.py:1833} INFO - Sync 1 DAGs
[2022-06-04 16:16:25,357] {logging_mixin.py:104} INFO - [2022-06-04 16:16:25,356] {dag.py:2306} INFO - Setting next_dagrun for hello_world to 2022-06-03 12:00:00+00:00
[2022-06-04 16:16:25,382] {scheduler_job.py:190} INFO - Processing /opt/airflow/dags/SampleDAG.zip took 0.259 seconds
