[2022-06-04 16:20:37,515] {taskinstance.py:896} INFO - Dependencies all met for <TaskInstance: hello_world.hello_task 2022-06-03T12:00:00+00:00 [queued]>
[2022-06-04 16:20:37,570] {taskinstance.py:896} INFO - Dependencies all met for <TaskInstance: hello_world.hello_task 2022-06-03T12:00:00+00:00 [queued]>
[2022-06-04 16:20:37,573] {taskinstance.py:1087} INFO - 
--------------------------------------------------------------------------------
[2022-06-04 16:20:37,574] {taskinstance.py:1088} INFO - Starting attempt 1 of 1
[2022-06-04 16:20:37,576] {taskinstance.py:1089} INFO - 
--------------------------------------------------------------------------------
[2022-06-04 16:20:37,606] {taskinstance.py:1107} INFO - Executing <Task(PythonOperator): hello_task> on 2022-06-03T12:00:00+00:00
[2022-06-04 16:20:37,613] {standard_task_runner.py:52} INFO - Started process 2582 to run task
[2022-06-04 16:20:37,622] {standard_task_runner.py:76} INFO - Running: ['***', 'tasks', 'run', 'hello_world', 'hello_task', '2022-06-03T12:00:00+00:00', '--job-id', '6', '--pool', 'default_pool', '--raw', '--subdir', 'DAGS_FOLDER/SampleDAG (1).py', '--cfg-path', '/tmp/tmp4eeksil5', '--error-file', '/tmp/tmpw9zys5gl']
[2022-06-04 16:20:37,624] {standard_task_runner.py:77} INFO - Job 6: Subtask hello_task
[2022-06-04 16:20:37,733] {logging_mixin.py:104} INFO - Running <TaskInstance: hello_world.hello_task 2022-06-03T12:00:00+00:00 [running]> on host 9419a1b6ef3d
[2022-06-04 16:20:37,857] {taskinstance.py:1302} INFO - Exporting the following env vars:
AIRFLOW_CTX_DAG_OWNER=***
AIRFLOW_CTX_DAG_ID=hello_world
AIRFLOW_CTX_TASK_ID=hello_task
AIRFLOW_CTX_EXECUTION_DATE=2022-06-03T12:00:00+00:00
AIRFLOW_CTX_DAG_RUN_ID=scheduled__2022-06-03T12:00:00+00:00
[2022-06-04 16:20:37,861] {python.py:151} INFO - Done. Returned value was: Hello world from first Airflow DAG!
[2022-06-04 16:20:37,912] {taskinstance.py:1211} INFO - Marking task as SUCCESS. dag_id=hello_world, task_id=hello_task, execution_date=20220603T120000, start_date=20220604T162037, end_date=20220604T162037
[2022-06-04 16:20:37,979] {taskinstance.py:1265} INFO - 0 downstream tasks scheduled from follow-on schedule check
[2022-06-04 16:20:38,002] {local_task_job.py:151} INFO - Task exited with return code 0
